<?xml version="1.0" encoding="UTF-8"?>
<!-- Generated by org.testng.reporters.JUnitXMLReporter -->
<testsuite ignored="0" hostname="Atul-Ekta" failures="1" tests="1" name="Edge" time="57.625" errors="0" timestamp="2023-06-22T18:33:48 IST">
  <testcase classname="Assignments.Amazon_E_Commerce_Project" name="TestSearchBox" time="26.25">
    <failure type="java.lang.NullPointerException" message="Cannot invoke &amp;quot;Assignments.IPhone13PageSecondPage.imageZooming(org.openqa.selenium.WebDriver)&amp;quot; because &amp;quot;this.ipsp&amp;quot; is null">
      <![CDATA[java.lang.NullPointerException: Cannot invoke "Assignments.IPhone13PageSecondPage.imageZooming(org.openqa.selenium.WebDriver)" because "this.ipsp" is null
at Assignments.Amazon_E_Commerce_Project.TestSearchBox(Amazon_E_Commerce_Project.java:87)
at java.base/java.util.ArrayList.forEach(ArrayList.java:1511)
at java.base/java.util.concurrent.FutureTask.run(FutureTask.java:264)
at java.base/java.util.concurrent.ThreadPoolExecutor.runWorker(ThreadPoolExecutor.java:1136)
at java.base/java.util.concurrent.ThreadPoolExecutor$Worker.run(ThreadPoolExecutor.java:635)
at java.base/java.lang.Thread.run(Thread.java:833)
... Removed 17 stack frames]]>
    </failure>
  </testcase> <!-- TestSearchBox -->
</testsuite> <!-- Edge -->
