<?xml version="1.0" encoding="UTF-8"?>
<!-- Generated by org.testng.reporters.JUnitXMLReporter -->
<testsuite ignored="8" hostname="Atul-Ekta" failures="1" tests="4" name="SmokeStudy" time="0.131" errors="0" timestamp="2023-06-17T15:12:02 IST">
  <testcase classname="testNGstudy.TestNGXMLStudy2" name="myMethod10" time="0.018">
    <failure type="java.lang.AssertionError" message="Test 10 Failed due to some reason">
      <![CDATA[java.lang.AssertionError: Test 10 Failed due to some reason
at testNGstudy.TestNGXMLStudy2.myMethod10(TestNGXMLStudy2.java:39)
at java.base/java.util.ArrayList.forEach(ArrayList.java:1511)
... Removed 28 stack frames]]>
    </failure>
  </testcase> <!-- myMethod10 -->
  <testcase classname="testNGstudy.TestNGXMLStudy2" name="myMethod11" time="0.004"/>
  <testcase classname="testNGstudy.TestNGXMLStudy2" name="myMethod12" time="0.006"/>
  <testcase classname="testNGstudy.TestNgXMLStudy" name="myMethod1" time="0.002"/>
  <testcase classname="testNGstudy.TestNgXMLStudy" name="myMethod4" time="0.0">
    <ignored/>
  </testcase> <!-- myMethod4 -->
  <testcase classname="testNGstudy.TestNgXMLStudy" name="myMethod3" time="0.0">
    <ignored/>
  </testcase> <!-- myMethod3 -->
  <testcase classname="testNGstudy.TestNGXMLStudy2" name="myMetho9" time="0.0">
    <ignored/>
  </testcase> <!-- myMetho9 -->
  <testcase classname="testNGstudy.TestNgXMLStudy" name="myMethod5" time="0.0">
    <ignored/>
  </testcase> <!-- myMethod5 -->
  <testcase classname="testNGstudy.TestNgXMLStudy" name="myMethod2" time="0.0">
    <ignored/>
  </testcase> <!-- myMethod2 -->
  <testcase classname="testNGstudy.TestNGXMLStudy2" name="myMethod8" time="0.0">
    <ignored/>
  </testcase> <!-- myMethod8 -->
  <testcase classname="testNGstudy.TestNgXMLStudy" name="myMethod6" time="0.0">
    <ignored/>
  </testcase> <!-- myMethod6 -->
  <testcase classname="testNGstudy.TestNGXMLStudy2" name="myMethod7" time="0.0">
    <ignored/>
  </testcase> <!-- myMethod7 -->
</testsuite> <!-- SmokeStudy -->
